<?xml version="1.0" encoding="UTF-8"?>
<!-- Generated by org.testng.reporters.JUnitReportReporter -->
<testsuite hostname="tanhungvo-2.local" failures="0" tests="3" name="selenium.OM_Dev" time="318.350" errors="0" timestamp="2024-06-11T15:19:43 ICT" skipped="0">
  <testcase classname="selenium.OM_Dev" name="updateProfile" time="154.584"/>
  <testcase classname="selenium.OM_Dev" name="signInByMobile" time="33.450"/>
  <testcase classname="selenium.OM_Dev" name="openSignInPage" time="130.316"/>
</testsuite> <!-- selenium.OM_Dev -->
