<?xml version="1.0" encoding="UTF-8"?>
<!-- Generated by org.testng.reporters.JUnitReportReporter -->
<testsuite hostname="tanhungvo-2.local" failures="0" tests="2" name="selenium.OM_Prod" time="109.598" errors="0" timestamp="2024-06-11T12:18:12 ICT" skipped="0">
  <testcase classname="selenium.OM_Prod" name="openSignUpPage" time="44.325"/>
  <testcase classname="selenium.OM_Prod" name="signUpByMobile" time="65.273"/>
</testsuite> <!-- selenium.OM_Prod -->
